<?xml version="1.0" encoding="UTF-8"?>
<!-- Generated by org.testng.reporters.JUnitReportReporter -->
<testsuite skipped="0" hostname="clarion-pc" name="testCases.BasicExtentReport" tests="2" failures="0" timestamp="30 Oct 2019 12:17:09 GMT" time="0.025" errors="0">
  <testcase name="testCase2" time="0.005" classname="testCases.BasicExtentReport"/>
  <testcase name="testCase1" time="0.020" classname="testCases.BasicExtentReport"/>
</testsuite> <!-- testCases.BasicExtentReport -->
