<?xml version="1.0" encoding="UTF-8"?>
<!-- Generated by org.testng.reporters.JUnitReportReporter -->
<testsuite skipped="0" hostname="clarion-pc" name="testCases.googleSearch" tests="1" failures="0" timestamp="30 Oct 2019 11:33:32 GMT" time="4.254" errors="0">
  <testcase name="search" time="4.254" classname="testCases.googleSearch"/>
</testsuite> <!-- testCases.googleSearch -->
