<?xml version="1.0" encoding="UTF-8"?>
<!-- Generated by org.testng.reporters.JUnitReportReporter -->
<testsuite skipped="0" hostname="clarion-pc" name="testCases.googleSearch" tests="1" failures="0" timestamp="25 Oct 2019 03:57:53 GMT" time="3.167" errors="0">
  <testcase name="search" time="3.167" classname="testCases.googleSearch"/>
</testsuite> <!-- testCases.googleSearch -->
